#
# There is insufficient memory for the Java Runtime Environment to continue.
# Native memory allocation (mmap) failed to map 132120576 bytes for Failed to commit area from 0x0000000082600000 to 0x000000008a400000 of length 132120576.
# Possible reasons:
#   The system is out of physical RAM or swap space
#   The process is running with CompressedOops enabled, and the Java Heap may be blocking the growth of the native heap
# Possible solutions:
#   Reduce memory load on the system
#   Increase physical memory or swap space
#   Check if swap backing store is full
#   Decrease Java heap size (-Xmx/-Xms)
#   Decrease number of Java threads
#   Decrease Java thread stack sizes (-Xss)
#   Set larger code cache with -XX:ReservedCodeCacheSize=
# This output file may be truncated or incomplete.
#
#  Out of Memory Error (t:/workspace/open/src/hotspot/os/windows/os_windows.cpp:3269), pid=17736, tid=1204
#
# JRE version:  (11.0+28) (build )
# Java VM: Java HotSpot(TM) 64-Bit Server VM (11+28, mixed mode, aot, sharing, tiered, compressed oops, g1 gc, windows-amd64)
# No core dump will be written. Minidumps are not enabled by default on client versions of Windows
#

---------------  S U M M A R Y ------------

Command Line: -Dfile.encoding=UTF-8 DEAL.SearchUI

Host: Intel(R) Core(TM) i7-9750H CPU @ 2.60GHz, 12 cores, 7G,  Windows 10 , 64 bit Build 19041 (10.0.19041.662)
Time: Fri Jan 15 17:19:22 2021 中国标准时间 elapsed time: 0 seconds (0d 0h 0m 0s)

---------------  T H R E A D  ---------------

Current thread (0x0000017acf7fe000):  JavaThread "Unknown thread" [_thread_in_vm, id=1204, stack(0x00000007de800000,0x00000007de900000)]

Stack: [0x00000007de800000,0x00000007de900000]
Native frames: (J=compiled Java code, j=interpreted, Vv=VM code, C=native code)
V  [jvm.dll+0x63c22a]
V  [jvm.dll+0x7797ef]
V  [jvm.dll+0x77adda]
V  [jvm.dll+0x77b493]
V  [jvm.dll+0x262818]
V  [jvm.dll+0x6396da]
V  [jvm.dll+0x62dfb5]
V  [jvm.dll+0x31699c]
V  [jvm.dll+0x316822]
V  [jvm.dll+0x31c096]
V  [jvm.dll+0x3684af]
V  [jvm.dll+0x367ed0]
V  [jvm.dll+0x2f38b8]
V  [jvm.dll+0x2f4a16]
V  [jvm.dll+0x752db7]
V  [jvm.dll+0x7544ff]
V  [jvm.dll+0x3752e9]
V  [jvm.dll+0x7394b9]
V  [jvm.dll+0x3e46fd]
V  [jvm.dll+0x3e69d1]
C  [javaw.exe+0x3613]
C  [javaw.exe+0x17e2c]
C  [KERNEL32.DLL+0x17034]
C  [ntdll.dll+0x4d0d1]


---------------  P R O C E S S  ---------------

Threads class SMR info:
_java_thread_list=0x0000017acde22fd0, length=0, elements={
}

Java Threads: ( => current thread )

Other Threads:
  0x0000017acf816000 GCTaskThread "GC Thread#0" [stack: 0x00000007de900000,0x00000007dea00000] [id=19776]
  0x0000017acf845000 ConcurrentGCThread "G1 Main Marker" [stack: 0x00000007dea00000,0x00000007deb00000] [id=1436]
  0x0000017acf848000 ConcurrentGCThread "G1 Conc#0" [stack: 0x00000007deb00000,0x00000007dec00000] [id=5660]

[error occurred during error reporting (printing all threads), id 0xc0000005, EXCEPTION_ACCESS_VIOLATION (0xc0000005) at pc=0x00007fffc57c2137]

VM state:not at safepoint (not fully initialized)

VM Mutex/Monitor currently owned by a thread:  ([mutex/lock_event])
[0x0000017acf7fba70] Heap_lock - owner thread: 0x0000017acf7fe000

Heap address: 0x0000000082600000, size: 2010 MB, Compressed Oops mode: Non-zero based: 0x0000000082600000
Narrow klass base: 0x0000000000000000, Narrow klass shift: 0

GC Heap History (0 events):
No events

Deoptimization events (0 events):
No events

Classes redefined (0 events):
No events

Internal exceptions (0 events):
No events

Events (0 events):
No events


Dynamic libraries:
0x00007ff63eeb0000 - 0x00007ff63eef7000 	C:\Program Files\Java\jdk-11\bin\javaw.exe
0x00007ff824c90000 - 0x00007ff824e86000 	C:\Windows\SYSTEM32\ntdll.dll
0x00007ff824210000 - 0x00007ff8242cd000 	C:\Windows\System32\KERNEL32.DLL
0x00007ff822450000 - 0x00007ff822719000 	C:\Windows\System32\KERNELBASE.dll
0x00007ff8249f0000 - 0x00007ff824a9c000 	C:\Windows\System32\ADVAPI32.dll
0x00007ff823980000 - 0x00007ff823a1e000 	C:\Windows\System32\msvcrt.dll
0x00007ff823ab0000 - 0x00007ff823b4c000 	C:\Windows\System32\sechost.dll
0x00007ff823e30000 - 0x00007ff823f5b000 	C:\Windows\System32\RPCRT4.dll
0x00007ff8244c0000 - 0x00007ff824660000 	C:\Windows\System32\USER32.dll
0x00007ff822b80000 - 0x00007ff822ba2000 	C:\Windows\System32\win32u.dll
0x00007ff824470000 - 0x00007ff82449a000 	C:\Windows\System32\GDI32.dll
0x00007ff822be0000 - 0x00007ff822ceb000 	C:\Windows\System32\gdi32full.dll
0x00007ff822720000 - 0x00007ff8227bd000 	C:\Windows\System32\msvcp_win.dll
0x00007ff8229d0000 - 0x00007ff822ad0000 	C:\Windows\System32\ucrtbase.dll
0x00007ff807fc0000 - 0x00007ff80825b000 	C:\Windows\WinSxS\amd64_microsoft.windows.common-controls_6595b64144ccf1df_6.0.19041.746_none_ca02b4b61b8320a4\COMCTL32.dll
0x00007ff819a30000 - 0x00007ff819a3a000 	C:\Windows\SYSTEM32\VERSION.dll
0x00007ff8249c0000 - 0x00007ff8249f0000 	C:\Windows\System32\IMM32.DLL
0x00007ff81a3a0000 - 0x00007ff81a3b6000 	C:\Program Files\Java\jdk-11\bin\vcruntime140.dll
0x00007ff815700000 - 0x00007ff8157aa000 	C:\Program Files\Java\jdk-11\bin\msvcp140.dll
0x00007fffc54c0000 - 0x00007fffc6002000 	C:\Program Files\Java\jdk-11\bin\server\jvm.dll
0x00007ff8242d0000 - 0x00007ff8242d8000 	C:\Windows\System32\PSAPI.DLL
0x00007ff8132e0000 - 0x00007ff813307000 	C:\Windows\SYSTEM32\WINMM.dll
0x00007ff8164b0000 - 0x00007ff8164b9000 	C:\Windows\SYSTEM32\WSOCK32.dll
0x00007ff824aa0000 - 0x00007ff824b0b000 	C:\Windows\System32\WS2_32.dll
0x00007ff820cb0000 - 0x00007ff820cc2000 	C:\Windows\SYSTEM32\kernel.appcore.dll
0x00007ff8030b0000 - 0x00007ff8030c1000 	C:\Program Files\Java\jdk-11\bin\verify.dll
0x00007ff8209c0000 - 0x00007ff820ba4000 	C:\Windows\SYSTEM32\DBGHELP.DLL
0x00007ff817480000 - 0x00007ff8174ac000 	C:\Windows\SYSTEM32\dbgcore.DLL
0x00007ff8223d0000 - 0x00007ff822450000 	C:\Windows\System32\bcryptPrimitives.dll
0x00007fffe6400000 - 0x00007fffe6429000 	C:\Program Files\Java\jdk-11\bin\java.dll
0x00007fffe2950000 - 0x00007fffe2966000 	C:\Program Files\Java\jdk-11\bin\zip.dll
0x00007ff810cf0000 - 0x00007ff810cfa000 	C:\Program Files\Java\jdk-11\bin\jimage.dll

dbghelp: loaded successfully - version: 4.0.5 - missing functions: none
symbol engine: initialized successfully - sym options: 0x614 - pdb path: .;C:\Program Files\Java\jdk-11\bin;C:\Windows\SYSTEM32;C:\Windows\WinSxS\amd64_microsoft.windows.common-controls_6595b64144ccf1df_6.0.19041.746_none_ca02b4b61b8320a4;C:\Program Files\Java\jdk-11\bin\server

VM Arguments:
jvm_args: -Dfile.encoding=UTF-8 
java_command: DEAL.SearchUI
java_class_path (initial): D:\Eclipse WORKPLACE\IDLE ITEM TRADING\bin;C:\Users\71495\Desktop\mysql-connector-java-5.1.26-bin.jar
Launcher Type: SUN_STANDARD

[Global flags]
     intx CICompilerCount                          = 4                                         {product} {ergonomic}
     uint ConcGCThreads                            = 3                                         {product} {ergonomic}
     uint G1ConcRefinementThreads                  = 10                                        {product} {ergonomic}
   size_t G1HeapRegionSize                         = 1048576                                   {product} {ergonomic}
    uintx GCDrainStackTargetSize                   = 64                                        {product} {ergonomic}
   size_t InitialHeapSize                          = 132120576                                 {product} {ergonomic}
   size_t MarkStackSize                            = 4194304                                   {product} {ergonomic}
   size_t MaxHeapSize                              = 2107637760                                {product} {ergonomic}
   size_t MinHeapDeltaBytes                        = 1048576                                   {product} {ergonomic}
    uintx NonNMethodCodeHeapSize                   = 5835340                                {pd product} {ergonomic}
    uintx NonProfiledCodeHeapSize                  = 122911450                              {pd product} {ergonomic}
    uintx ProfiledCodeHeapSize                     = 122911450                              {pd product} {ergonomic}
    uintx ReservedCodeCacheSize                    = 251658240                              {pd product} {ergonomic}
     bool SegmentedCodeCache                       = true                                      {product} {ergonomic}
     bool UseCompressedClassPointers               = true                                 {lp64_product} {ergonomic}
     bool UseCompressedOops                        = true                                 {lp64_product} {ergonomic}
     bool UseG1GC                                  = true                                      {product} {ergonomic}
     bool UseLargePagesIndividualAllocation        = false                                  {pd product} {ergonomic}

Logging:
Log output configuration:
 #0: stdout all=warning uptime,level,tags
 #1: stderr all=off uptime,level,tags

Environment Variables:
JAVA_HOME=C:\Program Files\Java\jdk1.8.0_211
CLASSPATH=.;C:\Program Files\Java\jdk1.8.0_211\lib;C:\Program Files\Java\jdk1.8.0_211\lib\dt.jar;C:\Program Files\Java\jdk1.8.0_211\lib\tools.jar
PATH=C:/Program Files/Java/jdk-11/bin/server;C:/Program Files/Java/jdk-11/bin;C:\Program Files (x86)\Common Files\Oracle\Java\javapath;C:\ProgramData\Oracle\Java\javapath;C:\Windows\system32;C:\Windows;C:\Windows\System32\Wbem;C:\Windows\System32\WindowsPowerShell\v1.0\;C:\Windows\System32\OpenSSH\;C:\Program Files (x86)\NVIDIA Corporation\PhysX\Common;C:\Program Files\NVIDIA Corporation\NVIDIA NvDLISR;";C:\Program Files\Java\jdk1.8.0_211\bin;C:\Program Files\Java\jdk1.8.0_211\jre\bin";C:\Program Files\Java\jdk1.8.0_211\bin;C:\Program Files\Java\jdk1.8.0_211\jre\bin;C:\Program Files (x86)\Git\cmd;C:\Program Files\MySQL\MySQL Shell 8.0\bin\;C:\Program Files\Java\jdk-11\bin;C:\Program Files\Java\jdk1.8.0_211\jre\bin;";E:\Microsoft VS Code\bin;";;C:\Users\71495\Desktop;
USERNAME=71495
OS=Windows_NT
PROCESSOR_IDENTIFIER=Intel64 Family 6 Model 158 Stepping 10, GenuineIntel



---------------  S Y S T E M  ---------------

OS: Windows 10 , 64 bit Build 19041 (10.0.19041.662)

CPU:total 12 (initial active 12) (6 cores per cpu, 2 threads per core) family 6 model 158 stepping 10, cmov, cx8, fxsr, mmx, sse, sse2, sse3, ssse3, sse4.1, sse4.2, popcnt, avx, avx2, aes, clmul, erms, 3dnowpref, lzcnt, ht, tsc, tscinvbit, bmi1, bmi2, adx, fma

Memory: 4k page, system-wide physical 8032M (1793M free)
TotalPageFile size 20818M (AvailPageFile size 52M)
current process WorkingSet (physical memory assigned to process): 9M, peak: 9M
current process commit charge ("private bytes"): 64M, peak: 190M

vm_info: Java HotSpot(TM) 64-Bit Server VM (11+28) for windows-amd64 JRE (11+28), built on Aug 23 2018 03:03:59 by "mach5one" with MS VC++ 15.5 (VS2017)

END.
